<?xml version="1.0" encoding="UTF-8"?>
<testsuite xmlns:xsi="http://www.w3.org/2001/XMLSchema-instance" xsi:noNamespaceSchemaLocation="https://maven.apache.org/surefire/maven-surefire-plugin/xsd/surefire-test-report.xsd" name="com.example.demo.DemoApplicationTests" time="2.639" tests="1" errors="0" skipped="0" failures="0">
  <properties>
    <property name="sun.desktop" value="windows"/>
    <property name="awt.toolkit" value="sun.awt.windows.WToolkit"/>
    <property name="file.encoding.pkg" value="sun.io"/>
    <property name="java.specification.version" value="1.8"/>
    <property name="sun.cpu.isalist" value="amd64"/>
    <property name="sun.jnu.encoding" value="GBK"/>
    <property name="java.class.path" value="F:\Java-Work-Space\Springbootdemo\target\test-classes;F:\Java-Work-Space\Springbootdemo\target\classes;F:\maven_repository\org\springframework\boot\spring-boot-starter-web\2.5.4\spring-boot-starter-web-2.5.4.jar;F:\maven_repository\org\springframework\boot\spring-boot-starter\2.5.4\spring-boot-starter-2.5.4.jar;F:\maven_repository\org\springframework\boot\spring-boot\2.5.4\spring-boot-2.5.4.jar;F:\maven_repository\org\springframework\boot\spring-boot-autoconfigure\2.5.4\spring-boot-autoconfigure-2.5.4.jar;F:\maven_repository\org\springframework\boot\spring-boot-starter-logging\2.5.4\spring-boot-starter-logging-2.5.4.jar;F:\maven_repository\ch\qos\logback\logback-classic\1.2.5\logback-classic-1.2.5.jar;F:\maven_repository\ch\qos\logback\logback-core\1.2.5\logback-core-1.2.5.jar;F:\maven_repository\org\apache\logging\log4j\log4j-to-slf4j\2.14.1\log4j-to-slf4j-2.14.1.jar;F:\maven_repository\org\apache\logging\log4j\log4j-api\2.14.1\log4j-api-2.14.1.jar;F:\maven_repository\org\slf4j\jul-to-slf4j\1.7.32\jul-to-slf4j-1.7.32.jar;F:\maven_repository\jakarta\annotation\jakarta.annotation-api\1.3.5\jakarta.annotation-api-1.3.5.jar;F:\maven_repository\org\yaml\snakeyaml\1.28\snakeyaml-1.28.jar;F:\maven_repository\org\springframework\boot\spring-boot-starter-json\2.5.4\spring-boot-starter-json-2.5.4.jar;F:\maven_repository\com\fasterxml\jackson\core\jackson-databind\2.12.4\jackson-databind-2.12.4.jar;F:\maven_repository\com\fasterxml\jackson\core\jackson-annotations\2.12.4\jackson-annotations-2.12.4.jar;F:\maven_repository\com\fasterxml\jackson\core\jackson-core\2.12.4\jackson-core-2.12.4.jar;F:\maven_repository\com\fasterxml\jackson\datatype\jackson-datatype-jdk8\2.12.4\jackson-datatype-jdk8-2.12.4.jar;F:\maven_repository\com\fasterxml\jackson\datatype\jackson-datatype-jsr310\2.12.4\jackson-datatype-jsr310-2.12.4.jar;F:\maven_repository\com\fasterxml\jackson\module\jackson-module-parameter-names\2.12.4\jackson-module-parameter-names-2.12.4.jar;F:\maven_repository\org\springframework\boot\spring-boot-starter-tomcat\2.5.4\spring-boot-starter-tomcat-2.5.4.jar;F:\maven_repository\org\apache\tomcat\embed\tomcat-embed-core\9.0.52\tomcat-embed-core-9.0.52.jar;F:\maven_repository\org\apache\tomcat\embed\tomcat-embed-el\9.0.52\tomcat-embed-el-9.0.52.jar;F:\maven_repository\org\apache\tomcat\embed\tomcat-embed-websocket\9.0.52\tomcat-embed-websocket-9.0.52.jar;F:\maven_repository\org\springframework\spring-web\5.3.9\spring-web-5.3.9.jar;F:\maven_repository\org\springframework\spring-beans\5.3.9\spring-beans-5.3.9.jar;F:\maven_repository\org\springframework\spring-webmvc\5.3.9\spring-webmvc-5.3.9.jar;F:\maven_repository\org\springframework\spring-aop\5.3.9\spring-aop-5.3.9.jar;F:\maven_repository\org\springframework\spring-context\5.3.9\spring-context-5.3.9.jar;F:\maven_repository\org\springframework\spring-expression\5.3.9\spring-expression-5.3.9.jar;F:\maven_repository\org\springframework\boot\spring-boot-starter-test\2.5.4\spring-boot-starter-test-2.5.4.jar;F:\maven_repository\org\springframework\boot\spring-boot-test\2.5.4\spring-boot-test-2.5.4.jar;F:\maven_repository\org\springframework\boot\spring-boot-test-autoconfigure\2.5.4\spring-boot-test-autoconfigure-2.5.4.jar;F:\maven_repository\com\jayway\jsonpath\json-path\2.5.0\json-path-2.5.0.jar;F:\maven_repository\net\minidev\json-smart\2.4.7\json-smart-2.4.7.jar;F:\maven_repository\net\minidev\accessors-smart\2.4.7\accessors-smart-2.4.7.jar;F:\maven_repository\org\ow2\asm\asm\9.1\asm-9.1.jar;F:\maven_repository\org\slf4j\slf4j-api\1.7.32\slf4j-api-1.7.32.jar;F:\maven_repository\jakarta\xml\bind\jakarta.xml.bind-api\2.3.3\jakarta.xml.bind-api-2.3.3.jar;F:\maven_repository\jakarta\activation\jakarta.activation-api\1.2.2\jakarta.activation-api-1.2.2.jar;F:\maven_repository\org\assertj\assertj-core\3.19.0\assertj-core-3.19.0.jar;F:\maven_repository\org\hamcrest\hamcrest\2.2\hamcrest-2.2.jar;F:\maven_repository\org\junit\jupiter\junit-jupiter\5.7.2\junit-jupiter-5.7.2.jar;F:\maven_repository\org\junit\jupiter\junit-jupiter-api\5.7.2\junit-jupiter-api-5.7.2.jar;F:\maven_repository\org\apiguardian\apiguardian-api\1.1.0\apiguardian-api-1.1.0.jar;F:\maven_repository\org\opentest4j\opentest4j\1.2.0\opentest4j-1.2.0.jar;F:\maven_repository\org\junit\platform\junit-platform-commons\1.7.2\junit-platform-commons-1.7.2.jar;F:\maven_repository\org\junit\jupiter\junit-jupiter-params\5.7.2\junit-jupiter-params-5.7.2.jar;F:\maven_repository\org\junit\jupiter\junit-jupiter-engine\5.7.2\junit-jupiter-engine-5.7.2.jar;F:\maven_repository\org\junit\platform\junit-platform-engine\1.7.2\junit-platform-engine-1.7.2.jar;F:\maven_repository\org\mockito\mockito-core\3.9.0\mockito-core-3.9.0.jar;F:\maven_repository\net\bytebuddy\byte-buddy\1.10.22\byte-buddy-1.10.22.jar;F:\maven_repository\net\bytebuddy\byte-buddy-agent\1.10.22\byte-buddy-agent-1.10.22.jar;F:\maven_repository\org\objenesis\objenesis\3.2\objenesis-3.2.jar;F:\maven_repository\org\mockito\mockito-junit-jupiter\3.9.0\mockito-junit-jupiter-3.9.0.jar;F:\maven_repository\org\skyscreamer\jsonassert\1.5.0\jsonassert-1.5.0.jar;F:\maven_repository\com\vaadin\external\google\android-json\0.0.20131108.vaadin1\android-json-0.0.20131108.vaadin1.jar;F:\maven_repository\org\springframework\spring-core\5.3.9\spring-core-5.3.9.jar;F:\maven_repository\org\springframework\spring-jcl\5.3.9\spring-jcl-5.3.9.jar;F:\maven_repository\org\springframework\spring-test\5.3.9\spring-test-5.3.9.jar;F:\maven_repository\org\xmlunit\xmlunit-core\2.8.2\xmlunit-core-2.8.2.jar;F:\maven_repository\junit\junit\4.11\junit-4.11.jar;F:\maven_repository\org\hamcrest\hamcrest-core\2.2\hamcrest-core-2.2.jar;"/>
    <property name="java.vm.vendor" value="Oracle Corporation"/>
    <property name="sun.arch.data.model" value="64"/>
    <property name="user.variant" value=""/>
    <property name="java.vendor.url" value="http://java.oracle.com/"/>
    <property name="user.timezone" value="Asia/Shanghai"/>
    <property name="java.vm.specification.version" value="1.8"/>
    <property name="os.name" value="Windows 10"/>
    <property name="user.country" value="CN"/>
    <property name="sun.java.launcher" value="SUN_STANDARD"/>
    <property name="sun.boot.library.path" value="C:\Program Files\Java\jdk1.8.0_251\jre\bin"/>
    <property name="sun.java.command" value="C:\Users\yjl\AppData\Local\Temp\surefire6943459636715024521\surefirebooter3639361059620918242.jar C:\Users\yjl\AppData\Local\Temp\surefire6943459636715024521 2021-08-23T16-58-47_114-jvmRun1 surefire2202636914561482979tmp surefire_05254311906863983634tmp"/>
    <property name="surefire.test.class.path" value="F:\Java-Work-Space\Springbootdemo\target\test-classes;F:\Java-Work-Space\Springbootdemo\target\classes;F:\maven_repository\org\springframework\boot\spring-boot-starter-web\2.5.4\spring-boot-starter-web-2.5.4.jar;F:\maven_repository\org\springframework\boot\spring-boot-starter\2.5.4\spring-boot-starter-2.5.4.jar;F:\maven_repository\org\springframework\boot\spring-boot\2.5.4\spring-boot-2.5.4.jar;F:\maven_repository\org\springframework\boot\spring-boot-autoconfigure\2.5.4\spring-boot-autoconfigure-2.5.4.jar;F:\maven_repository\org\springframework\boot\spring-boot-starter-logging\2.5.4\spring-boot-starter-logging-2.5.4.jar;F:\maven_repository\ch\qos\logback\logback-classic\1.2.5\logback-classic-1.2.5.jar;F:\maven_repository\ch\qos\logback\logback-core\1.2.5\logback-core-1.2.5.jar;F:\maven_repository\org\apache\logging\log4j\log4j-to-slf4j\2.14.1\log4j-to-slf4j-2.14.1.jar;F:\maven_repository\org\apache\logging\log4j\log4j-api\2.14.1\log4j-api-2.14.1.jar;F:\maven_repository\org\slf4j\jul-to-slf4j\1.7.32\jul-to-slf4j-1.7.32.jar;F:\maven_repository\jakarta\annotation\jakarta.annotation-api\1.3.5\jakarta.annotation-api-1.3.5.jar;F:\maven_repository\org\yaml\snakeyaml\1.28\snakeyaml-1.28.jar;F:\maven_repository\org\springframework\boot\spring-boot-starter-json\2.5.4\spring-boot-starter-json-2.5.4.jar;F:\maven_repository\com\fasterxml\jackson\core\jackson-databind\2.12.4\jackson-databind-2.12.4.jar;F:\maven_repository\com\fasterxml\jackson\core\jackson-annotations\2.12.4\jackson-annotations-2.12.4.jar;F:\maven_repository\com\fasterxml\jackson\core\jackson-core\2.12.4\jackson-core-2.12.4.jar;F:\maven_repository\com\fasterxml\jackson\datatype\jackson-datatype-jdk8\2.12.4\jackson-datatype-jdk8-2.12.4.jar;F:\maven_repository\com\fasterxml\jackson\datatype\jackson-datatype-jsr310\2.12.4\jackson-datatype-jsr310-2.12.4.jar;F:\maven_repository\com\fasterxml\jackson\module\jackson-module-parameter-names\2.12.4\jackson-module-parameter-names-2.12.4.jar;F:\maven_repository\org\springframework\boot\spring-boot-starter-tomcat\2.5.4\spring-boot-starter-tomcat-2.5.4.jar;F:\maven_repository\org\apache\tomcat\embed\tomcat-embed-core\9.0.52\tomcat-embed-core-9.0.52.jar;F:\maven_repository\org\apache\tomcat\embed\tomcat-embed-el\9.0.52\tomcat-embed-el-9.0.52.jar;F:\maven_repository\org\apache\tomcat\embed\tomcat-embed-websocket\9.0.52\tomcat-embed-websocket-9.0.52.jar;F:\maven_repository\org\springframework\spring-web\5.3.9\spring-web-5.3.9.jar;F:\maven_repository\org\springframework\spring-beans\5.3.9\spring-beans-5.3.9.jar;F:\maven_repository\org\springframework\spring-webmvc\5.3.9\spring-webmvc-5.3.9.jar;F:\maven_repository\org\springframework\spring-aop\5.3.9\spring-aop-5.3.9.jar;F:\maven_repository\org\springframework\spring-context\5.3.9\spring-context-5.3.9.jar;F:\maven_repository\org\springframework\spring-expression\5.3.9\spring-expression-5.3.9.jar;F:\maven_repository\org\springframework\boot\spring-boot-starter-test\2.5.4\spring-boot-starter-test-2.5.4.jar;F:\maven_repository\org\springframework\boot\spring-boot-test\2.5.4\spring-boot-test-2.5.4.jar;F:\maven_repository\org\springframework\boot\spring-boot-test-autoconfigure\2.5.4\spring-boot-test-autoconfigure-2.5.4.jar;F:\maven_repository\com\jayway\jsonpath\json-path\2.5.0\json-path-2.5.0.jar;F:\maven_repository\net\minidev\json-smart\2.4.7\json-smart-2.4.7.jar;F:\maven_repository\net\minidev\accessors-smart\2.4.7\accessors-smart-2.4.7.jar;F:\maven_repository\org\ow2\asm\asm\9.1\asm-9.1.jar;F:\maven_repository\org\slf4j\slf4j-api\1.7.32\slf4j-api-1.7.32.jar;F:\maven_repository\jakarta\xml\bind\jakarta.xml.bind-api\2.3.3\jakarta.xml.bind-api-2.3.3.jar;F:\maven_repository\jakarta\activation\jakarta.activation-api\1.2.2\jakarta.activation-api-1.2.2.jar;F:\maven_repository\org\assertj\assertj-core\3.19.0\assertj-core-3.19.0.jar;F:\maven_repository\org\hamcrest\hamcrest\2.2\hamcrest-2.2.jar;F:\maven_repository\org\junit\jupiter\junit-jupiter\5.7.2\junit-jupiter-5.7.2.jar;F:\maven_repository\org\junit\jupiter\junit-jupiter-api\5.7.2\junit-jupiter-api-5.7.2.jar;F:\maven_repository\org\apiguardian\apiguardian-api\1.1.0\apiguardian-api-1.1.0.jar;F:\maven_repository\org\opentest4j\opentest4j\1.2.0\opentest4j-1.2.0.jar;F:\maven_repository\org\junit\platform\junit-platform-commons\1.7.2\junit-platform-commons-1.7.2.jar;F:\maven_repository\org\junit\jupiter\junit-jupiter-params\5.7.2\junit-jupiter-params-5.7.2.jar;F:\maven_repository\org\junit\jupiter\junit-jupiter-engine\5.7.2\junit-jupiter-engine-5.7.2.jar;F:\maven_repository\org\junit\platform\junit-platform-engine\1.7.2\junit-platform-engine-1.7.2.jar;F:\maven_repository\org\mockito\mockito-core\3.9.0\mockito-core-3.9.0.jar;F:\maven_repository\net\bytebuddy\byte-buddy\1.10.22\byte-buddy-1.10.22.jar;F:\maven_repository\net\bytebuddy\byte-buddy-agent\1.10.22\byte-buddy-agent-1.10.22.jar;F:\maven_repository\org\objenesis\objenesis\3.2\objenesis-3.2.jar;F:\maven_repository\org\mockito\mockito-junit-jupiter\3.9.0\mockito-junit-jupiter-3.9.0.jar;F:\maven_repository\org\skyscreamer\jsonassert\1.5.0\jsonassert-1.5.0.jar;F:\maven_repository\com\vaadin\external\google\android-json\0.0.20131108.vaadin1\android-json-0.0.20131108.vaadin1.jar;F:\maven_repository\org\springframework\spring-core\5.3.9\spring-core-5.3.9.jar;F:\maven_repository\org\springframework\spring-jcl\5.3.9\spring-jcl-5.3.9.jar;F:\maven_repository\org\springframework\spring-test\5.3.9\spring-test-5.3.9.jar;F:\maven_repository\org\xmlunit\xmlunit-core\2.8.2\xmlunit-core-2.8.2.jar;F:\maven_repository\junit\junit\4.11\junit-4.11.jar;F:\maven_repository\org\hamcrest\hamcrest-core\2.2\hamcrest-core-2.2.jar;"/>
    <property name="sun.cpu.endian" value="little"/>
    <property name="user.home" value="C:\Users\yjl"/>
    <property name="user.language" value="zh"/>
    <property name="java.specification.vendor" value="Oracle Corporation"/>
    <property name="java.home" value="C:\Program Files\Java\jdk1.8.0_251\jre"/>
    <property name="basedir" value="F:\Java-Work-Space\Springbootdemo"/>
    <property name="file.separator" value="\"/>
    <property name="line.separator" value="&#10;"/>
    <property name="java.vm.specification.vendor" value="Oracle Corporation"/>
    <property name="java.specification.name" value="Java Platform API Specification"/>
    <property name="java.awt.graphicsenv" value="sun.awt.Win32GraphicsEnvironment"/>
    <property name="surefire.real.class.path" value="C:\Users\yjl\AppData\Local\Temp\surefire6943459636715024521\surefirebooter3639361059620918242.jar"/>
    <property name="sun.boot.class.path" value="C:\Program Files\Java\jdk1.8.0_251\jre\lib\resources.jar;C:\Program Files\Java\jdk1.8.0_251\jre\lib\rt.jar;C:\Program Files\Java\jdk1.8.0_251\jre\lib\sunrsasign.jar;C:\Program Files\Java\jdk1.8.0_251\jre\lib\jsse.jar;C:\Program Files\Java\jdk1.8.0_251\jre\lib\jce.jar;C:\Program Files\Java\jdk1.8.0_251\jre\lib\charsets.jar;C:\Program Files\Java\jdk1.8.0_251\jre\lib\jfr.jar;C:\Program Files\Java\jdk1.8.0_251\jre\classes"/>
    <property name="user.script" value=""/>
    <property name="sun.management.compiler" value="HotSpot 64-Bit Tiered Compilers"/>
    <property name="java.runtime.version" value="1.8.0_251-b08"/>
    <property name="user.name" value="yjl"/>
    <property name="path.separator" value=";"/>
    <property name="os.version" value="10.0"/>
    <property name="java.endorsed.dirs" value="C:\Program Files\Java\jdk1.8.0_251\jre\lib\endorsed"/>
    <property name="java.runtime.name" value="Java(TM) SE Runtime Environment"/>
    <property name="file.encoding" value="GBK"/>
    <property name="java.vm.name" value="Java HotSpot(TM) 64-Bit Server VM"/>
    <property name="idea.version2020.1" value="true"/>
    <property name="localRepository" value="F:\maven_repository"/>
    <property name="java.vendor.url.bug" value="http://bugreport.sun.com/bugreport/"/>
    <property name="java.io.tmpdir" value="C:\Users\yjl\AppData\Local\Temp\"/>
    <property name="java.version" value="1.8.0_251"/>
    <property name="user.dir" value="F:\Java-Work-Space\Springbootdemo"/>
    <property name="os.arch" value="amd64"/>
    <property name="java.vm.specification.name" value="Java Virtual Machine Specification"/>
    <property name="java.awt.printerjob" value="sun.awt.windows.WPrinterJob"/>
    <property name="sun.os.patch.level" value=""/>
    <property name="java.library.path" value="C:\Program Files\Java\jdk1.8.0_251\jre\bin;C:\Windows\Sun\Java\bin;C:\Windows\system32;C:\Windows;C:\Program Files (x86)\Common Files\Oracle\Java\javapath;C:\Python27\;C:\Python27\Scripts;C:\Windows\system32;C:\Windows;C:\Windows\System32\Wbem;C:\Windows\System32\WindowsPowerShell\v1.0\;C:\Windows\System32\OpenSSH\;C:\Program Files (x86)\NVIDIA Corporation\PhysX\Common;C:\Program Files\NVIDIA Corporation\NVIDIA NGX;C:\Program Files\NVIDIA Corporation\NVIDIA NvDLISR;C:\Windows\system32;C:\Windows;C:\Windows\System32\Wbem;C:\Windows\System32\WindowsPowerShell\v1.0\;C:\Windows\System32\OpenSSH\;D:\node-v7.9.0-win-x64\node-v7.9.0-win-x64;D:\nodejs\node_cache;D:\nodejs\node_global;D:\node-v7.9.0-win-x64\node-v7.9.0-win-x64\node_modules;C:\Program Files (x86)\Windows Kits\8.1\Windows Performance Toolkit\;C:\Program Files (x86)\Microsoft SQL Server\100\Tools\Binn\;C:\Program Files\Microsoft SQL Server\100\Tools\Binn\;C:\Program Files\Microsoft SQL Server\100\DTS\Binn\;C:\Program Files\Java\jdk1.8.0_251\bin;C:\Program Files\MySQL\MySQL Server 8.0\bin;F:\apache-maven-3.6.3-bin\apache-maven-3.6.3\bin;E:\git\Git\cmd;D:\Program Files\TortoiseSVN\bin;D:\Program Files\VisualSVN Server\bin;C:\Users\yjl\AppData\Local\Microsoft\WindowsApps;D:\Microsoft VS Code\bin;F:\IntelliJ IDEA 2020.1\bin;;;."/>
    <property name="java.vm.info" value="mixed mode"/>
    <property name="java.vendor" value="Oracle Corporation"/>
    <property name="java.vm.version" value="25.251-b08"/>
    <property name="java.ext.dirs" value="C:\Program Files\Java\jdk1.8.0_251\jre\lib\ext;C:\Windows\Sun\Java\lib\ext"/>
    <property name="sun.io.unicode.encoding" value="UnicodeLittle"/>
    <property name="java.class.version" value="52.0"/>
  </properties>
  <testcase name="contextLoads" classname="com.example.demo.DemoApplicationTests" time="0.196"/>
</testsuite>